<?xml version="1.0" encoding="UTF-8"?>
<!-- Generated by org.testng.reporters.JUnitXMLReporter -->
<testsuite hostname="Lenovo-PC" ignored="2" name="Default test" tests="3" failures="0" timestamp="26 Nov 2018 09:54:05 GMT" time="53.613" errors="0">
  <testcase name="cancelCampaignTC_05" time="9.739" classname="com.crm.CampaignTestScripts.CreateCampaign"/>
  <testcase name="cancelCampaignTC_05" time="9.227" classname="com.crm.CampaignTestScripts.CreateCampaign"/>
  <testcase name="cancelCampaignTC_05" time="9.507" classname="com.crm.CampaignTestScripts.CreateCampaign"/>
  <testcase name="modifyCampaignTC_06" time="0.0" classname="com.crm.CampaignTestScripts.CreateCampaign">
    <ignored/>
  </testcase> <!-- modifyCampaignTC_06 -->
  <testcase name="createCampaignTC_04" time="0.0" classname="com.crm.CampaignTestScripts.CreateCampaign">
    <ignored/>
  </testcase> <!-- createCampaignTC_04 -->
</testsuite> <!-- Default test -->
