<?xml version="1.0" encoding="UTF-8"?>
<!-- Generated by org.testng.reporters.JUnitXMLReporter -->
<testsuite hostname="Lenovo-PC" ignored="2" name="TR-firefox" tests="5" failures="5" timestamp="23 Nov 2018 15:21:45 GMT" time="77.977" errors="0">
  <testcase name="@BeforeClass preConfig" time="3.222" classname="com.crm.genericLib.BaseClass">
    <failure type="org.openqa.selenium.SessionNotCreatedException" message="session not created exception
from unknown error: Runtime.executionContextCreated has invalid &amp;apos;context&amp;apos;: {&amp;quot;auxData&amp;quot;:{&amp;quot;frameId&amp;quot;:&amp;quot;60E3E0F051C2428A9F940E358CA043F8&amp;quot;,&amp;quot;isDefault&amp;quot;:true,&amp;quot;type&amp;quot;:&amp;quot;default&amp;quot;},&amp;quot;id&amp;quot;:1,&amp;quot;name&amp;quot;:&amp;quot;&amp;quot;,&amp;quot;origin&amp;quot;:&amp;quot;://&amp;quot;}
  (Session info: chrome=70.0.3538.102)
  (Driver info: chromedriver=2.21.371459 (36d3d07f660ff2bc1bf28a75d1cdabed0983e7c4),platform=Windows NT 6.1 SP1 x86_64) (WARNING: The server did not provide any stacktrace information)
Command duration or timeout: 1.76 seconds
Build info: version: &amp;apos;2.53.1&amp;apos;, revision: &amp;apos;a36b8b1&amp;apos;, time: &amp;apos;2016-06-30 17:32:46&amp;apos;
System info: host: &amp;apos;Lenovo-PC&amp;apos;, ip: &amp;apos;192.168.40.1&amp;apos;, os.name: &amp;apos;Windows 7&amp;apos;, os.arch: &amp;apos;amd64&amp;apos;, os.version: &amp;apos;6.1&amp;apos;, java.version: &amp;apos;1.8.0_91&amp;apos;
Driver info: org.openqa.selenium.chrome.ChromeDriver">
      <![CDATA[org.openqa.selenium.SessionNotCreatedException: session not created exception
from unknown error: Runtime.executionContextCreated has invalid 'context': {"auxData":{"frameId":"60E3E0F051C2428A9F940E358CA043F8","isDefault":true,"type":"default"},"id":1,"name":"","origin":"://"}
  (Session info: chrome=70.0.3538.102)
  (Driver info: chromedriver=2.21.371459 (36d3d07f660ff2bc1bf28a75d1cdabed0983e7c4),platform=Windows NT 6.1 SP1 x86_64) (WARNING: The server did not provide any stacktrace information)
Command duration or timeout: 1.76 seconds
Build info: version: '2.53.1', revision: 'a36b8b1', time: '2016-06-30 17:32:46'
System info: host: 'Lenovo-PC', ip: '192.168.40.1', os.name: 'Windows 7', os.arch: 'amd64', os.version: '6.1', java.version: '1.8.0_91'
Driver info: org.openqa.selenium.chrome.ChromeDriver
at org.openqa.selenium.remote.ErrorHandler.createThrowable(ErrorHandler.java:206)
at org.openqa.selenium.remote.ErrorHandler.throwIfResponseFailed(ErrorHandler.java:158)
at org.openqa.selenium.remote.RemoteWebDriver.execute(RemoteWebDriver.java:678)
at org.openqa.selenium.remote.RemoteWebDriver.startSession(RemoteWebDriver.java:249)
at org.openqa.selenium.remote.RemoteWebDriver.<init>(RemoteWebDriver.java:131)
at org.openqa.selenium.remote.RemoteWebDriver.<init>(RemoteWebDriver.java:144)
at org.openqa.selenium.chrome.ChromeDriver.<init>(ChromeDriver.java:170)
at org.openqa.selenium.chrome.ChromeDriver.<init>(ChromeDriver.java:159)
at org.openqa.selenium.chrome.ChromeDriver.<init>(ChromeDriver.java:116)
at com.crm.genericLib.BaseClass.preConfig(BaseClass.java:62)
at java.util.concurrent.FutureTask.run(Unknown Source)
at java.util.concurrent.ThreadPoolExecutor.runWorker(Unknown Source)
at java.util.concurrent.ThreadPoolExecutor$Worker.run(Unknown Source)
at java.lang.Thread.run(Unknown Source)
... Removed 21 stack frames]]>
    </failure>
  </testcase> <!-- @BeforeClass preConfig -->
  <testcase name="@BeforeMethod preTest" time="0.0" classname="com.crm.genericLib.BaseClass">
    <skipped/>
  </testcase> <!-- @BeforeMethod preTest -->
  <testcase name="@AfterMethod postTest" time="0.0" classname="com.crm.genericLib.BaseClass">
    <skipped/>
  </testcase> <!-- @AfterMethod postTest -->
  <testcase name="@BeforeMethod preTest" time="0.0" classname="com.crm.genericLib.BaseClass">
    <skipped/>
  </testcase> <!-- @BeforeMethod preTest -->
  <testcase name="@AfterMethod postTest" time="0.0" classname="com.crm.genericLib.BaseClass">
    <skipped/>
  </testcase> <!-- @AfterMethod postTest -->
  <testcase name="@BeforeMethod preTest" time="0.0" classname="com.crm.genericLib.BaseClass">
    <skipped/>
  </testcase> <!-- @BeforeMethod preTest -->
  <testcase name="@AfterMethod postTest" time="0.0" classname="com.crm.genericLib.BaseClass">
    <skipped/>
  </testcase> <!-- @AfterMethod postTest -->
  <testcase name="@AfterClass postConfig" time="0.0" classname="com.crm.genericLib.BaseClass">
    <skipped/>
  </testcase> <!-- @AfterClass postConfig -->
  <testcase name="@BeforeClass preConfig" time="0.0" classname="com.crm.genericLib.BaseClass">
    <skipped/>
  </testcase> <!-- @BeforeClass preConfig -->
  <testcase name="@BeforeMethod preTest" time="0.0" classname="com.crm.genericLib.BaseClass">
    <skipped/>
  </testcase> <!-- @BeforeMethod preTest -->
  <testcase name="@AfterMethod postTest" time="0.0" classname="com.crm.genericLib.BaseClass">
    <skipped/>
  </testcase> <!-- @AfterMethod postTest -->
  <testcase name="@BeforeMethod preTest" time="0.0" classname="com.crm.genericLib.BaseClass">
    <skipped/>
  </testcase> <!-- @BeforeMethod preTest -->
  <testcase name="@AfterMethod postTest" time="0.0" classname="com.crm.genericLib.BaseClass">
    <skipped/>
  </testcase> <!-- @AfterMethod postTest -->
  <testcase name="@AfterClass postConfig" time="0.0" classname="com.crm.genericLib.BaseClass">
    <skipped/>
  </testcase> <!-- @AfterClass postConfig -->
  <testcase name="createCampaignTC_04" time="0.017" classname="com.crm.CampaignTestScripts.CreateCampaign">
    <failure type="java.lang.NullPointerException">
      <![CDATA[java.lang.NullPointerException
at com.crm.CampaignTestScripts.CreateCampaign.createCampaignTC_04(CreateCampaign.java:22)
at java.util.concurrent.FutureTask.run(Unknown Source)
at java.util.concurrent.ThreadPoolExecutor.runWorker(Unknown Source)
at java.util.concurrent.ThreadPoolExecutor$Worker.run(Unknown Source)
at java.lang.Thread.run(Unknown Source)
... Removed 16 stack frames]]>
    </failure>
  </testcase> <!-- createCampaignTC_04 -->
  <testcase name="createCampaignTC_05" time="0.0" classname="com.crm.CampaignTestScripts.CreateCampaign">
    <failure type="java.lang.NullPointerException">
      <![CDATA[java.lang.NullPointerException
at com.crm.CampaignTestScripts.CreateCampaign.createCampaignTC_05(CreateCampaign.java:55)
at java.util.concurrent.FutureTask.run(Unknown Source)
at java.util.concurrent.ThreadPoolExecutor.runWorker(Unknown Source)
at java.util.concurrent.ThreadPoolExecutor$Worker.run(Unknown Source)
at java.lang.Thread.run(Unknown Source)
... Removed 16 stack frames]]>
    </failure>
  </testcase> <!-- createCampaignTC_05 -->
  <testcase name="createCampaignTC_06" time="0.0" classname="com.crm.CampaignTestScripts.CreateCampaign">
    <failure type="java.lang.NullPointerException">
      <![CDATA[java.lang.NullPointerException
at com.crm.CampaignTestScripts.CreateCampaign.createCampaignTC_06(CreateCampaign.java:85)
at java.util.concurrent.FutureTask.run(Unknown Source)
at java.util.concurrent.ThreadPoolExecutor.runWorker(Unknown Source)
at java.util.concurrent.ThreadPoolExecutor$Worker.run(Unknown Source)
at java.lang.Thread.run(Unknown Source)
... Removed 16 stack frames]]>
    </failure>
  </testcase> <!-- createCampaignTC_06 -->
  <testcase name="sendMailTC_33" time="0.002" classname="com.crm.searchContactTestScripts.SendMail">
    <failure type="java.lang.NullPointerException">
      <![CDATA[java.lang.NullPointerException
at com.crm.searchContactTestScripts.SendMail.sendMailTC_33(SendMail.java:25)
at java.util.concurrent.FutureTask.run(Unknown Source)
at java.util.concurrent.ThreadPoolExecutor.runWorker(Unknown Source)
at java.util.concurrent.ThreadPoolExecutor$Worker.run(Unknown Source)
at java.lang.Thread.run(Unknown Source)
... Removed 16 stack frames]]>
    </failure>
  </testcase> <!-- sendMailTC_33 -->
  <testcase name="sendMailTC_47" time="0.0" classname="com.crm.searchContactTestScripts.SendMail">
    <failure type="java.lang.NullPointerException">
      <![CDATA[java.lang.NullPointerException
at com.crm.searchContactTestScripts.SendMail.sendMailTC_47(SendMail.java:60)
at java.util.concurrent.FutureTask.run(Unknown Source)
at java.util.concurrent.ThreadPoolExecutor.runWorker(Unknown Source)
at java.util.concurrent.ThreadPoolExecutor$Worker.run(Unknown Source)
at java.lang.Thread.run(Unknown Source)
... Removed 16 stack frames]]>
    </failure>
  </testcase> <!-- sendMailTC_47 -->
  <testcase name="@BeforeSuite configBS" time="0.0" classname="com.crm.genericLib.BaseClass">
    <ignored/>
  </testcase> <!-- @BeforeSuite configBS -->
  <testcase name="@AfterSuite configAS" time="0.0" classname="com.crm.genericLib.BaseClass">
    <ignored/>
  </testcase> <!-- @AfterSuite configAS -->
</testsuite> <!-- TR-firefox -->
